[16/Mar/2015 13:51:37] ERROR [agents_crawler:108] 'NoneType' object has no attribute 'group'
[16/Mar/2015 13:52:50] ERROR [agents_crawler:108] 'NoneType' object has no attribute 'group'
[16/Mar/2015 13:54:07] ERROR [agents_crawler:103] list index out of range
[16/Mar/2015 13:54:22] ERROR [agents_crawler:108] 'NoneType' object has no attribute 'group'
[16/Mar/2015 13:55:02] ERROR [agents_crawler:103] list index out of range
[16/Mar/2015 13:56:15] ERROR [agents_crawler:108] 'NoneType' object has no attribute 'group'
[16/Mar/2015 14:00:07] ERROR [agents_crawler:109] 'NoneType' object has no attribute 'group'
[16/Mar/2015 14:00:07] ERROR [agents_crawler:104] list index out of range
[16/Mar/2015 14:00:08] ERROR [agents_crawler:109] 'NoneType' object has no attribute 'group'
[16/Mar/2015 14:00:08] ERROR [agents_crawler:104] list index out of range
[16/Mar/2015 14:00:09] ERROR [agents_crawler:109] 'NoneType' object has no attribute 'group'
[16/Mar/2015 14:00:29] ERROR [agents_crawler:109] 'NoneType' object has no attribute 'group'
[16/Mar/2015 14:00:30] ERROR [agents_crawler:104] list index out of range
[16/Mar/2015 14:00:31] ERROR [agents_crawler:109] 'NoneType' object has no attribute 'group'
[16/Mar/2015 14:00:32] ERROR [agents_crawler:104] list index out of range
[16/Mar/2015 14:00:32] ERROR [agents_crawler:109] 'NoneType' object has no attribute 'group'
[16/Mar/2015 14:00:33] ERROR [agents_crawler:115] line 1671: Element script embeds close tag
[16/Mar/2015 14:02:05] ERROR [agents_crawler:109] 'NoneType' object has no attribute 'group'
[16/Mar/2015 14:02:58] ERROR [agents_crawler:115] line 1588: Element script embeds close tag
[16/Mar/2015 14:05:50] ERROR [agents_crawler:109] 'NoneType' object has no attribute 'group'
[16/Mar/2015 14:05:51] ERROR [agents_crawler:104] list index out of range
[16/Mar/2015 14:05:51] ERROR [agents_crawler:109] 'NoneType' object has no attribute 'group'
[16/Mar/2015 14:06:58] ERROR [agents_crawler:109] 'NoneType' object has no attribute 'group'
[16/Mar/2015 14:06:59] ERROR [agents_crawler:104] list index out of range
[16/Mar/2015 14:06:59] ERROR [agents_crawler:109] 'NoneType' object has no attribute 'group'
[16/Mar/2015 14:07:00] ERROR [agents_crawler:104] list index out of range
[16/Mar/2015 14:07:00] ERROR [agents_crawler:109] 'NoneType' object has no attribute 'group'
[16/Mar/2015 14:07:01] ERROR [agents_crawler:115] line 1671: Element script embeds close tag
[16/Mar/2015 14:07:01] ERROR [agents_crawler:109] 'NoneType' object has no attribute 'group'
[16/Mar/2015 14:07:02] ERROR [agents_crawler:115] line 1671: Element script embeds close tag
[16/Mar/2015 14:08:53] ERROR [agents_crawler:109] 'NoneType' object has no attribute 'group'
[16/Mar/2015 14:09:35] ERROR [agents_crawler:109] 'NoneType' object has no attribute 'group'
[16/Mar/2015 14:10:46] ERROR [agents_crawler:104] list index out of range
[16/Mar/2015 14:11:01] ERROR [agents_crawler:109] 'NoneType' object has no attribute 'group'
[16/Mar/2015 14:11:38] ERROR [agents_crawler:104] list index out of range
[16/Mar/2015 14:12:48] ERROR [agents_crawler:109] 'NoneType' object has no attribute 'group'
[16/Mar/2015 14:13:09] ERROR [agents_crawler:115] line 1671: Element script embeds close tag
[16/Mar/2015 14:14:01] ERROR [agents_crawler:109] 'NoneType' object has no attribute 'group'
[16/Mar/2015 14:14:30] ERROR [agents_crawler:115] line 1671: Element script embeds close tag
[16/Mar/2015 14:19:06] ERROR [agents_crawler:109] 'NoneType' object has no attribute 'group'
[16/Mar/2015 14:20:40] ERROR [agents_crawler:104] list index out of range
[16/Mar/2015 14:25:29] ERROR [agents_crawler:109] 'NoneType' object has no attribute 'group'
[16/Mar/2015 14:25:47] ERROR [agents_crawler:109] 'NoneType' object has no attribute 'group'
[16/Mar/2015 14:26:18] ERROR [agents_crawler:109] 'NoneType' object has no attribute 'group'
[16/Mar/2015 14:28:49] ERROR [agents_crawler:104] list index out of range
[16/Mar/2015 14:28:54] ERROR [agents_crawler:109] 'NoneType' object has no attribute 'group'
[16/Mar/2015 14:30:15] ERROR [agents_crawler:115] line 1588: Element script embeds close tag
[16/Mar/2015 14:30:30] ERROR [agents_crawler:104] list index out of range
[16/Mar/2015 14:30:36] ERROR [agents_crawler:115] line 1588: Element script embeds close tag
[16/Mar/2015 14:31:52] ERROR [agents_crawler:109] 'NoneType' object has no attribute 'group'
[16/Mar/2015 14:32:00] ERROR [agents_crawler:109] 'NoneType' object has no attribute 'group'
[16/Mar/2015 14:32:06] ERROR [agents_crawler:115] line 1588: Element script embeds close tag
[16/Mar/2015 14:34:28] ERROR [agents_crawler:109] 'NoneType' object has no attribute 'group'
[16/Mar/2015 14:35:24] ERROR [agents_crawler:115] line 1589: Element script embeds close tag
[16/Mar/2015 14:36:05] ERROR [agents_crawler:109] 'NoneType' object has no attribute 'group'
[16/Mar/2015 14:36:19] ERROR [agents_crawler:109] 'NoneType' object has no attribute 'group'
[16/Mar/2015 14:37:46] ERROR [agents_crawler:109] 'NoneType' object has no attribute 'group'
[16/Mar/2015 14:38:58] ERROR [agents_crawler:109] 'NoneType' object has no attribute 'group'
[16/Mar/2015 14:40:15] ERROR [agents_crawler:109] 'NoneType' object has no attribute 'group'
[16/Mar/2015 14:41:32] ERROR [agents_crawler:109] 'NoneType' object has no attribute 'group'
[16/Mar/2015 14:41:57] ERROR [agents_crawler:109] 'NoneType' object has no attribute 'group'
[16/Mar/2015 14:42:21] ERROR [agents_crawler:104] list index out of range
[16/Mar/2015 14:42:35] ERROR [agents_crawler:109] 'NoneType' object has no attribute 'group'
[16/Mar/2015 14:43:32] ERROR [agents_crawler:109] 'NoneType' object has no attribute 'group'
[16/Mar/2015 14:44:34] ERROR [agents_crawler:109] 'NoneType' object has no attribute 'group'
[16/Mar/2015 14:46:21] ERROR [agents_crawler:104] list index out of range
[16/Mar/2015 14:46:59] ERROR [agents_crawler:104] list index out of range
[16/Mar/2015 14:49:40] ERROR [agents_crawler:109] 'NoneType' object has no attribute 'group'
[16/Mar/2015 14:51:06] ERROR [agents_crawler:109] 'NoneType' object has no attribute 'group'
[16/Mar/2015 14:51:31] ERROR [agents_crawler:109] 'NoneType' object has no attribute 'group'
[16/Mar/2015 14:55:03] ERROR [agents_crawler:109] 'NoneType' object has no attribute 'group'
[16/Mar/2015 14:56:57] ERROR [agents_crawler:109] 'NoneType' object has no attribute 'group'
[16/Mar/2015 14:57:22] ERROR [agents_crawler:115] line 2209: Element script embeds close tag
[16/Mar/2015 14:57:43] ERROR [agents_crawler:115] line 1588: Element script embeds close tag
[16/Mar/2015 15:00:42] ERROR [agents_crawler:109] 'NoneType' object has no attribute 'group'
[16/Mar/2015 15:01:40] ERROR [agents_crawler:109] 'NoneType' object has no attribute 'group'
[16/Mar/2015 15:01:53] ERROR [agents_crawler:104] list index out of range
[16/Mar/2015 15:03:41] ERROR [agents_crawler:109] 'NoneType' object has no attribute 'group'
[16/Mar/2015 15:06:09] ERROR [agents_crawler:109] 'NoneType' object has no attribute 'group'
[16/Mar/2015 15:11:06] ERROR [agents_crawler:104] list index out of range
[16/Mar/2015 15:14:22] ERROR [agents_crawler:109] 'NoneType' object has no attribute 'group'
[16/Mar/2015 15:16:14] ERROR [agents_crawler:109] 'NoneType' object has no attribute 'group'
[16/Mar/2015 15:16:35] ERROR [agents_crawler:109] 'NoneType' object has no attribute 'group'
[16/Mar/2015 15:16:58] ERROR [agents_crawler:109] 'NoneType' object has no attribute 'group'
[16/Mar/2015 15:17:10] ERROR [agents_crawler:115] line 2333: Element script embeds close tag
[16/Mar/2015 15:17:40] ERROR [agents_crawler:115] line 1907: Element script embeds close tag
[16/Mar/2015 15:18:12] ERROR [agents_crawler:109] 'NoneType' object has no attribute 'group'
[16/Mar/2015 15:19:08] ERROR [agents_crawler:109] 'NoneType' object has no attribute 'group'
[16/Mar/2015 15:19:09] ERROR [agents_crawler:109] 'NoneType' object has no attribute 'group'
[16/Mar/2015 15:19:10] ERROR [agents_crawler:109] 'NoneType' object has no attribute 'group'
[16/Mar/2015 15:19:12] ERROR [agents_crawler:109] 'NoneType' object has no attribute 'group'
[16/Mar/2015 15:19:13] ERROR [agents_crawler:109] 'NoneType' object has no attribute 'group'
[16/Mar/2015 15:19:14] ERROR [agents_crawler:109] 'NoneType' object has no attribute 'group'
[16/Mar/2015 15:19:38] ERROR [agents_crawler:109] 'NoneType' object has no attribute 'group'
[16/Mar/2015 15:22:26] ERROR [agents_crawler:109] 'NoneType' object has no attribute 'group'
[16/Mar/2015 15:22:44] ERROR [agents_crawler:109] 'NoneType' object has no attribute 'group'
[16/Mar/2015 15:22:45] ERROR [agents_crawler:109] 'NoneType' object has no attribute 'group'
[16/Mar/2015 15:22:46] ERROR [agents_crawler:109] 'NoneType' object has no attribute 'group'
[16/Mar/2015 15:22:47] ERROR [agents_crawler:109] 'NoneType' object has no attribute 'group'
[16/Mar/2015 15:22:48] ERROR [agents_crawler:109] 'NoneType' object has no attribute 'group'
[16/Mar/2015 15:22:49] ERROR [agents_crawler:109] 'NoneType' object has no attribute 'group'
[16/Mar/2015 15:22:50] ERROR [agents_crawler:109] 'NoneType' object has no attribute 'group'
[16/Mar/2015 15:22:51] ERROR [agents_crawler:109] 'NoneType' object has no attribute 'group'
[16/Mar/2015 15:22:52] ERROR [agents_crawler:109] 'NoneType' object has no attribute 'group'
[16/Mar/2015 15:22:53] ERROR [agents_crawler:109] 'NoneType' object has no attribute 'group'
[16/Mar/2015 15:22:54] ERROR [agents_crawler:109] 'NoneType' object has no attribute 'group'
[16/Mar/2015 15:22:55] ERROR [agents_crawler:109] 'NoneType' object has no attribute 'group'
[16/Mar/2015 15:22:56] ERROR [agents_crawler:109] 'NoneType' object has no attribute 'group'
[16/Mar/2015 15:22:58] ERROR [agents_crawler:109] 'NoneType' object has no attribute 'group'
[16/Mar/2015 15:22:59] ERROR [agents_crawler:109] 'NoneType' object has no attribute 'group'
[16/Mar/2015 15:23:00] ERROR [agents_crawler:109] 'NoneType' object has no attribute 'group'
[16/Mar/2015 15:23:01] ERROR [agents_crawler:109] 'NoneType' object has no attribute 'group'
[16/Mar/2015 15:23:02] ERROR [agents_crawler:109] 'NoneType' object has no attribute 'group'
[16/Mar/2015 15:23:03] ERROR [agents_crawler:109] 'NoneType' object has no attribute 'group'
[16/Mar/2015 15:23:04] ERROR [agents_crawler:109] 'NoneType' object has no attribute 'group'
[16/Mar/2015 15:23:06] ERROR [agents_crawler:109] 'NoneType' object has no attribute 'group'
[16/Mar/2015 15:23:07] ERROR [agents_crawler:109] 'NoneType' object has no attribute 'group'
[16/Mar/2015 15:23:08] ERROR [agents_crawler:109] 'NoneType' object has no attribute 'group'
[16/Mar/2015 15:23:09] ERROR [agents_crawler:109] 'NoneType' object has no attribute 'group'
[16/Mar/2015 15:23:10] ERROR [agents_crawler:109] 'NoneType' object has no attribute 'group'
[16/Mar/2015 15:23:11] ERROR [agents_crawler:109] 'NoneType' object has no attribute 'group'
[16/Mar/2015 15:23:12] ERROR [agents_crawler:109] 'NoneType' object has no attribute 'group'
[16/Mar/2015 15:23:13] ERROR [agents_crawler:109] 'NoneType' object has no attribute 'group'
[16/Mar/2015 15:23:14] ERROR [agents_crawler:109] 'NoneType' object has no attribute 'group'
[16/Mar/2015 15:23:15] ERROR [agents_crawler:109] 'NoneType' object has no attribute 'group'
[16/Mar/2015 15:23:16] ERROR [agents_crawler:109] 'NoneType' object has no attribute 'group'
[16/Mar/2015 15:23:17] ERROR [agents_crawler:109] 'NoneType' object has no attribute 'group'
[16/Mar/2015 15:23:18] ERROR [agents_crawler:109] 'NoneType' object has no attribute 'group'
[16/Mar/2015 15:23:19] ERROR [agents_crawler:109] 'NoneType' object has no attribute 'group'
[16/Mar/2015 15:23:20] ERROR [agents_crawler:109] 'NoneType' object has no attribute 'group'
[16/Mar/2015 15:23:22] ERROR [agents_crawler:109] 'NoneType' object has no attribute 'group'
[16/Mar/2015 15:23:23] ERROR [agents_crawler:109] 'NoneType' object has no attribute 'group'
[16/Mar/2015 15:23:25] ERROR [agents_crawler:109] 'NoneType' object has no attribute 'group'
[16/Mar/2015 15:23:26] ERROR [agents_crawler:109] 'NoneType' object has no attribute 'group'
[16/Mar/2015 15:23:27] ERROR [agents_crawler:109] 'NoneType' object has no attribute 'group'
[16/Mar/2015 15:23:28] ERROR [agents_crawler:109] 'NoneType' object has no attribute 'group'
[16/Mar/2015 15:23:29] ERROR [agents_crawler:109] 'NoneType' object has no attribute 'group'
[16/Mar/2015 15:23:30] ERROR [agents_crawler:109] 'NoneType' object has no attribute 'group'
[16/Mar/2015 15:23:31] ERROR [agents_crawler:109] 'NoneType' object has no attribute 'group'
[16/Mar/2015 15:23:32] ERROR [agents_crawler:109] 'NoneType' object has no attribute 'group'
[16/Mar/2015 15:23:33] ERROR [agents_crawler:109] 'NoneType' object has no attribute 'group'
[16/Mar/2015 15:23:34] ERROR [agents_crawler:109] 'NoneType' object has no attribute 'group'
[16/Mar/2015 15:23:35] ERROR [agents_crawler:109] 'NoneType' object has no attribute 'group'
[16/Mar/2015 15:23:36] ERROR [agents_crawler:109] 'NoneType' object has no attribute 'group'
[16/Mar/2015 15:23:37] ERROR [agents_crawler:109] 'NoneType' object has no attribute 'group'
[16/Mar/2015 15:23:38] ERROR [agents_crawler:109] 'NoneType' object has no attribute 'group'
[16/Mar/2015 15:23:39] ERROR [agents_crawler:109] 'NoneType' object has no attribute 'group'
[16/Mar/2015 15:23:40] ERROR [agents_crawler:109] 'NoneType' object has no attribute 'group'
[16/Mar/2015 15:23:40] ERROR [agents_crawler:109] 'NoneType' object has no attribute 'group'
[16/Mar/2015 15:23:41] ERROR [agents_crawler:109] 'NoneType' object has no attribute 'group'
[16/Mar/2015 15:23:42] ERROR [agents_crawler:109] 'NoneType' object has no attribute 'group'
[16/Mar/2015 15:23:44] ERROR [agents_crawler:109] 'NoneType' object has no attribute 'group'
[16/Mar/2015 15:23:45] ERROR [agents_crawler:109] 'NoneType' object has no attribute 'group'
[16/Mar/2015 15:23:46] ERROR [agents_crawler:109] 'NoneType' object has no attribute 'group'
[16/Mar/2015 15:23:47] ERROR [agents_crawler:109] 'NoneType' object has no attribute 'group'
[16/Mar/2015 15:23:48] ERROR [agents_crawler:109] 'NoneType' object has no attribute 'group'
[16/Mar/2015 15:23:49] ERROR [agents_crawler:109] 'NoneType' object has no attribute 'group'
[16/Mar/2015 15:23:50] ERROR [agents_crawler:109] 'NoneType' object has no attribute 'group'
[16/Mar/2015 15:23:51] ERROR [agents_crawler:109] 'NoneType' object has no attribute 'group'
[16/Mar/2015 15:23:52] ERROR [agents_crawler:109] 'NoneType' object has no attribute 'group'
[16/Mar/2015 15:23:54] ERROR [agents_crawler:109] 'NoneType' object has no attribute 'group'
[16/Mar/2015 15:23:55] ERROR [agents_crawler:109] 'NoneType' object has no attribute 'group'
[16/Mar/2015 15:23:56] ERROR [agents_crawler:109] 'NoneType' object has no attribute 'group'
[16/Mar/2015 15:23:57] ERROR [agents_crawler:109] 'NoneType' object has no attribute 'group'
[16/Mar/2015 15:23:58] ERROR [agents_crawler:109] 'NoneType' object has no attribute 'group'
[16/Mar/2015 15:24:00] ERROR [agents_crawler:109] 'NoneType' object has no attribute 'group'
[16/Mar/2015 15:24:01] ERROR [agents_crawler:109] 'NoneType' object has no attribute 'group'
[16/Mar/2015 15:24:02] ERROR [agents_crawler:109] 'NoneType' object has no attribute 'group'
[16/Mar/2015 15:24:03] ERROR [agents_crawler:109] 'NoneType' object has no attribute 'group'
[16/Mar/2015 15:24:04] ERROR [agents_crawler:109] 'NoneType' object has no attribute 'group'
[16/Mar/2015 15:24:05] ERROR [agents_crawler:109] 'NoneType' object has no attribute 'group'
[16/Mar/2015 15:24:06] ERROR [agents_crawler:109] 'NoneType' object has no attribute 'group'
[16/Mar/2015 15:24:07] ERROR [agents_crawler:109] 'NoneType' object has no attribute 'group'
[16/Mar/2015 15:24:08] ERROR [agents_crawler:109] 'NoneType' object has no attribute 'group'
[16/Mar/2015 15:24:09] ERROR [agents_crawler:109] 'NoneType' object has no attribute 'group'
[16/Mar/2015 15:24:10] ERROR [agents_crawler:109] 'NoneType' object has no attribute 'group'
[16/Mar/2015 15:24:11] ERROR [agents_crawler:109] 'NoneType' object has no attribute 'group'
[16/Mar/2015 15:24:12] ERROR [agents_crawler:109] 'NoneType' object has no attribute 'group'
[16/Mar/2015 15:24:13] ERROR [agents_crawler:109] 'NoneType' object has no attribute 'group'
[16/Mar/2015 15:24:14] ERROR [agents_crawler:109] 'NoneType' object has no attribute 'group'
[16/Mar/2015 15:24:15] ERROR [agents_crawler:109] 'NoneType' object has no attribute 'group'
[16/Mar/2015 15:24:16] ERROR [agents_crawler:109] 'NoneType' object has no attribute 'group'
[16/Mar/2015 15:24:17] ERROR [agents_crawler:109] 'NoneType' object has no attribute 'group'
[16/Mar/2015 15:24:18] ERROR [agents_crawler:109] 'NoneType' object has no attribute 'group'
[16/Mar/2015 15:24:19] ERROR [agents_crawler:109] 'NoneType' object has no attribute 'group'
[16/Mar/2015 15:24:20] ERROR [agents_crawler:109] 'NoneType' object has no attribute 'group'
[16/Mar/2015 15:24:21] ERROR [agents_crawler:109] 'NoneType' object has no attribute 'group'
[16/Mar/2015 15:24:22] ERROR [agents_crawler:109] 'NoneType' object has no attribute 'group'
[16/Mar/2015 15:24:23] ERROR [agents_crawler:109] 'NoneType' object has no attribute 'group'
[16/Mar/2015 15:24:24] ERROR [agents_crawler:109] 'NoneType' object has no attribute 'group'
[16/Mar/2015 15:24:25] ERROR [agents_crawler:109] 'NoneType' object has no attribute 'group'
[16/Mar/2015 15:24:26] ERROR [agents_crawler:109] 'NoneType' object has no attribute 'group'
[16/Mar/2015 15:24:27] ERROR [agents_crawler:109] 'NoneType' object has no attribute 'group'
[16/Mar/2015 15:24:28] ERROR [agents_crawler:109] 'NoneType' object has no attribute 'group'
[16/Mar/2015 15:24:29] ERROR [agents_crawler:109] 'NoneType' object has no attribute 'group'
[16/Mar/2015 15:24:30] ERROR [agents_crawler:109] 'NoneType' object has no attribute 'group'
[16/Mar/2015 15:24:31] ERROR [agents_crawler:109] 'NoneType' object has no attribute 'group'
[16/Mar/2015 15:24:32] ERROR [agents_crawler:109] 'NoneType' object has no attribute 'group'
[16/Mar/2015 15:24:33] ERROR [agents_crawler:109] 'NoneType' object has no attribute 'group'
[16/Mar/2015 15:24:35] ERROR [agents_crawler:109] 'NoneType' object has no attribute 'group'
[16/Mar/2015 15:24:36] ERROR [agents_crawler:109] 'NoneType' object has no attribute 'group'
[16/Mar/2015 15:24:37] ERROR [agents_crawler:109] 'NoneType' object has no attribute 'group'
[16/Mar/2015 15:24:38] ERROR [agents_crawler:109] 'NoneType' object has no attribute 'group'
[16/Mar/2015 15:24:39] ERROR [agents_crawler:109] 'NoneType' object has no attribute 'group'
[16/Mar/2015 15:24:40] ERROR [agents_crawler:109] 'NoneType' object has no attribute 'group'
[16/Mar/2015 15:24:41] ERROR [agents_crawler:109] 'NoneType' object has no attribute 'group'
[16/Mar/2015 15:24:42] ERROR [agents_crawler:109] 'NoneType' object has no attribute 'group'
[16/Mar/2015 15:24:43] ERROR [agents_crawler:109] 'NoneType' object has no attribute 'group'
[16/Mar/2015 15:24:45] ERROR [agents_crawler:109] 'NoneType' object has no attribute 'group'
[16/Mar/2015 15:24:46] ERROR [agents_crawler:109] 'NoneType' object has no attribute 'group'
[16/Mar/2015 15:24:47] ERROR [agents_crawler:109] 'NoneType' object has no attribute 'group'
[16/Mar/2015 15:24:48] ERROR [agents_crawler:109] 'NoneType' object has no attribute 'group'
[16/Mar/2015 15:24:49] ERROR [agents_crawler:109] 'NoneType' object has no attribute 'group'
[16/Mar/2015 15:24:50] ERROR [agents_crawler:109] 'NoneType' object has no attribute 'group'
[16/Mar/2015 15:24:51] ERROR [agents_crawler:109] 'NoneType' object has no attribute 'group'
[16/Mar/2015 15:24:52] ERROR [agents_crawler:109] 'NoneType' object has no attribute 'group'
[16/Mar/2015 15:24:53] ERROR [agents_crawler:109] 'NoneType' object has no attribute 'group'
[16/Mar/2015 15:24:54] ERROR [agents_crawler:109] 'NoneType' object has no attribute 'group'
[16/Mar/2015 15:24:55] ERROR [agents_crawler:109] 'NoneType' object has no attribute 'group'
[16/Mar/2015 15:24:56] ERROR [agents_crawler:109] 'NoneType' object has no attribute 'group'
[16/Mar/2015 15:24:57] ERROR [agents_crawler:109] 'NoneType' object has no attribute 'group'
[16/Mar/2015 15:24:58] ERROR [agents_crawler:109] 'NoneType' object has no attribute 'group'
[16/Mar/2015 15:24:59] ERROR [agents_crawler:109] 'NoneType' object has no attribute 'group'
[16/Mar/2015 15:25:00] ERROR [agents_crawler:109] 'NoneType' object has no attribute 'group'
[16/Mar/2015 15:25:01] ERROR [agents_crawler:109] 'NoneType' object has no attribute 'group'
[16/Mar/2015 15:25:02] ERROR [agents_crawler:109] 'NoneType' object has no attribute 'group'
[16/Mar/2015 15:25:03] ERROR [agents_crawler:109] 'NoneType' object has no attribute 'group'
[16/Mar/2015 15:25:04] ERROR [agents_crawler:109] 'NoneType' object has no attribute 'group'
[16/Mar/2015 15:25:05] ERROR [agents_crawler:109] 'NoneType' object has no attribute 'group'
[16/Mar/2015 15:25:07] ERROR [agents_crawler:109] 'NoneType' object has no attribute 'group'
[16/Mar/2015 15:25:07] ERROR [agents_crawler:109] 'NoneType' object has no attribute 'group'
[16/Mar/2015 15:25:08] ERROR [agents_crawler:109] 'NoneType' object has no attribute 'group'
[16/Mar/2015 15:25:09] ERROR [agents_crawler:109] 'NoneType' object has no attribute 'group'
[16/Mar/2015 15:25:10] ERROR [agents_crawler:109] 'NoneType' object has no attribute 'group'
[16/Mar/2015 15:25:35] ERROR [agents_crawler:109] 'NoneType' object has no attribute 'group'
[16/Mar/2015 15:25:37] ERROR [agents_crawler:109] 'NoneType' object has no attribute 'group'
[16/Mar/2015 15:25:38] ERROR [agents_crawler:109] 'NoneType' object has no attribute 'group'
[16/Mar/2015 15:25:44] ERROR [agents_crawler:109] 'NoneType' object has no attribute 'group'
[16/Mar/2015 15:26:03] ERROR [agents_crawler:109] 'NoneType' object has no attribute 'group'
[16/Mar/2015 15:26:32] ERROR [agents_crawler:104] list index out of range
[16/Mar/2015 15:28:07] ERROR [agents_crawler:109] 'NoneType' object has no attribute 'group'
[16/Mar/2015 15:31:03] ERROR [agents_crawler:109] 'NoneType' object has no attribute 'group' url = http://www.stproperty.sg/property-agent/peter-leo-c-s/tab-details/user/472764
[16/Mar/2015 15:31:07] ERROR [agents_crawler:109] 'NoneType' object has no attribute 'group' url = http://www.stproperty.sg/property-agent/peter-ng/tab-details/user/470843
[16/Mar/2015 15:32:06] ERROR [agents_crawler:115] line 1588: Element script embeds close tag url = http://www.stproperty.sg/property-agent/pok-belmon/tab-details/user/183622
[16/Mar/2015 15:32:38] ERROR [agents_crawler:109] 'NoneType' object has no attribute 'group' url = http://www.stproperty.sg/property-agent/rachel-ang/tab-details/user/444015
[16/Mar/2015 15:34:13] ERROR [agents_crawler:109] 'NoneType' object has no attribute 'group' url = http://www.stproperty.sg/property-agent/ray-sih-y-y/tab-details/user/469904
[16/Mar/2015 15:34:18] ERROR [agents_crawler:109] 'NoneType' object has no attribute 'group' url = http://www.stproperty.sg/property-agent/razak-husain/tab-details/user/443167
[16/Mar/2015 15:34:49] ERROR [agents_crawler:104] list index out of range url = http://www.stproperty.sg/property-agent/richard-ang/tab-details/user/332736
[16/Mar/2015 15:36:17] ERROR [agents_crawler:109] 'NoneType' object has no attribute 'group' url = http://www.stproperty.sg/property-agent/roland-ng/tab-details/user/291815
[16/Mar/2015 15:36:19] ERROR [agents_crawler:115] line 1588: Element script embeds close tag url = http://www.stproperty.sg/property-agent/roland-tan/tab-details/user/300594
[16/Mar/2015 15:36:21] ERROR [agents_crawler:109] 'NoneType' object has no attribute 'group' url = http://www.stproperty.sg/property-agent/roland-teo/tab-details/user/281106
[16/Mar/2015 15:36:30] ERROR [agents_crawler:109] 'NoneType' object has no attribute 'group' url = http://www.stproperty.sg/property-agent/ronald-wee/tab-details/user/445723
[16/Mar/2015 15:38:08] ERROR [agents_crawler:104] list index out of range url = http://www.stproperty.sg/property-agent/sally-chung/tab-details/user/329762
[16/Mar/2015 15:38:53] ERROR [agents_crawler:109] 'NoneType' object has no attribute 'group' url = http://www.stproperty.sg/property-agent/sandhu-jaspal/tab-details/user/445428
[16/Mar/2015 15:39:50] ERROR [agents_crawler:115] line 1671: Element script embeds close tag url = http://www.stproperty.sg/property-agent/sean-lim/tab-details/user/300660
[16/Mar/2015 15:39:57] ERROR [agents_crawler:109] 'NoneType' object has no attribute 'group' url = http://www.stproperty.sg/property-agent/sean-they-b-k/tab-details/user/444833
[16/Mar/2015 15:42:52] ERROR [agents_crawler:104] list index out of range url = http://www.stproperty.sg/property-agent/shawn-yang/tab-details/user/302207
[16/Mar/2015 15:43:49] ERROR [agents_crawler:104] list index out of range url = http://www.stproperty.sg/property-agent/shirley-ong/tab-details/user/311796
[16/Mar/2015 15:45:45] ERROR [agents_crawler:109] 'NoneType' object has no attribute 'group' url = http://www.stproperty.sg/property-agent/soh-bee-leng/tab-details/user/444267
[16/Mar/2015 15:47:04] ERROR [agents_crawler:109] 'NoneType' object has no attribute 'group' url = http://www.stproperty.sg/property-agent/stephen-tan/tab-details/user/444278
[16/Mar/2015 15:48:10] ERROR [agents_crawler:115] line 2029: Element script embeds close tag url = http://www.stproperty.sg/property-agent/sumanta-devnath-%28dave%29/tab-details/user/300457
[16/Mar/2015 15:49:39] ERROR [agents_crawler:115] line 1671: Element script embeds close tag url = http://www.stproperty.sg/property-agent/tai-hoe-hoon/tab-details/user/323757
[16/Mar/2015 15:49:53] ERROR [agents_crawler:109] 'NoneType' object has no attribute 'group' url = http://www.stproperty.sg/property-agent/tan-eng-leong-nicholas/tab-details/user/473703
[16/Mar/2015 15:50:28] ERROR [agents_crawler:109] 'NoneType' object has no attribute 'group' url = http://www.stproperty.sg/property-agent/teng-mary/tab-details/user/312203
[16/Mar/2015 15:53:20] ERROR [agents_crawler:115] line 1672: Element script embeds close tag url = http://www.stproperty.sg/property-agent/valerie-chua/tab-details/user/153777
[16/Mar/2015 15:54:04] ERROR [agents_crawler:115] line 2357: Element script embeds close tag url = http://www.stproperty.sg/property-agent/victoria-quek/tab-details/user/300396
[16/Mar/2015 15:54:17] ERROR [agents_crawler:109] 'NoneType' object has no attribute 'group' url = http://www.stproperty.sg/property-agent/victor-tan/tab-details/user/474543
[16/Mar/2015 15:56:12] ERROR [agents_crawler:115] line 1588: Element script embeds close tag url = http://www.stproperty.sg/property-agent/wanting-sham/tab-details/user/323659
[16/Mar/2015 15:56:22] ERROR [agents_crawler:104] list index out of range url = http://www.stproperty.sg/property-agent/wayne-hoo/tab-details/user/281256
[16/Mar/2015 15:56:23] ERROR [agents_crawler:109] 'NoneType' object has no attribute 'group' url = http://www.stproperty.sg/property-agent/wayne-lucas/tab-details/user/310547
[16/Mar/2015 15:59:21] ERROR [agents_crawler:109] 'NoneType' object has no attribute 'group' url = http://www.stproperty.sg/property-agent/yeoh-rena/tab-details/user/395324
[16/Mar/2015 15:59:59] ERROR [agents_crawler:104] list index out of range url = http://www.stproperty.sg/property-agent/yoke-teck-justin-kong/tab-details/user/20785
[16/Mar/2015 16:02:11] ERROR [agents_crawler:104] list index out of range url = http://www.stproperty.sg/property-agent/---/tab-details/user/313442
[16/Mar/2015 16:02:12] ERROR [agents_crawler:104] list index out of range url = http://www.stproperty.sg/property-agent/000000-0000/tab-details/user/296328
[16/Mar/2015 16:02:59] ERROR [agents_crawler:109] 'NoneType' object has no attribute 'group' url = http://www.stproperty.sg/property-agent/abdul-hadi-bin-mohamed/tab-details/user/306000
[16/Mar/2015 16:04:14] ERROR [agents_crawler:115] line 1588: Element script embeds close tag url = http://www.stproperty.sg/property-agent/adeline-chia/tab-details/user/300636
[16/Mar/2015 16:04:33] ERROR [agents_crawler:104] list index out of range url = http://www.stproperty.sg/property-agent/adeline-low/tab-details/user/205043
[16/Mar/2015 16:06:31] ERROR [agents_crawler:104] list index out of range url = http://www.stproperty.sg/property-agent/agnes-siew/tab-details/user/204982
[16/Mar/2015 16:07:10] ERROR [agents_crawler:115] line 1588: Element script embeds close tag url = http://www.stproperty.sg/property-agent/ah-tiong-patrick-poh/tab-details/user/296559
[16/Mar/2015 16:08:00] ERROR [agents_crawler:109] 'NoneType' object has no attribute 'group' url = http://www.stproperty.sg/property-agent/aileen-ng/tab-details/user/444581
[16/Mar/2015 16:09:01] ERROR [agents_crawler:109] 'NoneType' object has no attribute 'group' url = http://www.stproperty.sg/property-agent/alan-heng/tab-details/user/299394
[16/Mar/2015 16:09:07] ERROR [agents_crawler:115] line 1588: Element script embeds close tag url = http://www.stproperty.sg/property-agent/alan-kang/tab-details/user/300611
[16/Mar/2015 16:10:20] ERROR [agents_crawler:104] list index out of range url = http://www.stproperty.sg/property-agent/albert-neo/tab-details/user/293547
[16/Mar/2015 16:10:33] ERROR [agents_crawler:115] line 1588: Element script embeds close tag url = http://www.stproperty.sg/property-agent/albert-wong/tab-details/user/323782
[16/Mar/2015 16:10:35] ERROR [agents_crawler:115] line 1588: Element script embeds close tag url = http://www.stproperty.sg/property-agent/albin-cher/tab-details/user/302359
[16/Mar/2015 16:10:36] ERROR [agents_crawler:104] list index out of range url = http://www.stproperty.sg/property-agent/albin-cher/tab-details/user/186914
[16/Mar/2015 16:11:13] ERROR [agents_crawler:115] line 1588: Element script embeds close tag url = http://www.stproperty.sg/property-agent/alex-goh/tab-details/user/300461
[16/Mar/2015 16:11:21] ERROR [agents_crawler:109] 'NoneType' object has no attribute 'group' url = http://www.stproperty.sg/property-agent/alex-ho/tab-details/user/312855
[16/Mar/2015 16:12:09] ERROR [agents_crawler:109] 'NoneType' object has no attribute 'group' url = http://www.stproperty.sg/property-agent/alfred-chow-y-c/tab-details/user/447929
[16/Mar/2015 16:12:31] ERROR [agents_crawler:115] line 1670: Element script embeds close tag url = http://www.stproperty.sg/property-agent/alfred-wong/tab-details/user/300420
[16/Mar/2015 16:12:59] ERROR [agents_crawler:115] line 1588: Element script embeds close tag url = http://www.stproperty.sg/property-agent/alice-tan/tab-details/user/324059
[16/Mar/2015 16:13:58] ERROR [agents_crawler:109] 'NoneType' object has no attribute 'group' url = http://www.stproperty.sg/property-agent/allen-kee/tab-details/user/290288
[16/Mar/2015 16:13:59] ERROR [agents_crawler:115] line 1586: Element script embeds close tag url = http://www.stproperty.sg/property-agent/allen-khoo/tab-details/user/323594
[16/Mar/2015 16:15:08] ERROR [agents_crawler:115] line 1671: Element script embeds close tag url = http://www.stproperty.sg/property-agent/alvin-leong/tab-details/user/323821
[16/Mar/2015 16:17:15] ERROR [agents_crawler:104] list index out of range url = http://www.stproperty.sg/property-agent/amy-lim/tab-details/user/295330
[16/Mar/2015 16:17:26] ERROR [agents_crawler:109] 'NoneType' object has no attribute 'group' url = http://www.stproperty.sg/property-agent/amy-tan/tab-details/user/449943
[16/Mar/2015 16:17:47] ERROR [agents_crawler:109] 'NoneType' object has no attribute 'group' url = http://www.stproperty.sg/property-agent/andra-alex/tab-details/user/304659
[16/Mar/2015 16:17:49] ERROR [agents_crawler:109] 'NoneType' object has no attribute 'group' url = http://www.stproperty.sg/property-agent/andra-opop/tab-details/user/304891
[16/Mar/2015 16:17:50] ERROR [agents_crawler:115] line 1586: Element script embeds close tag url = http://www.stproperty.sg/property-agent/andra-ou/tab-details/user/206076
[16/Mar/2015 16:18:15] ERROR [agents_crawler:104] list index out of range url = http://www.stproperty.sg/property-agent/andrew-gaw/tab-details/user/310187
[16/Mar/2015 16:19:14] ERROR [agents_crawler:115] line 1588: Element script embeds close tag url = http://www.stproperty.sg/property-agent/andy-c.y.-ang/tab-details/user/300641
[16/Mar/2015 16:19:27] ERROR [agents_crawler:115] line 1588: Element script embeds close tag url = http://www.stproperty.sg/property-agent/andy-lim/tab-details/user/300467
[16/Mar/2015 16:21:04] ERROR [agents_crawler:115] line 1588: Element script embeds close tag url = http://www.stproperty.sg/property-agent/angel-chong-yoke-fan/tab-details/user/300289
[16/Mar/2015 16:21:27] ERROR [agents_crawler:109] 'NoneType' object has no attribute 'group' url = http://www.stproperty.sg/property-agent/angeline-chua/tab-details/user/449132
[16/Mar/2015 16:22:49] ERROR [agents_crawler:115] line 1588: Element script embeds close tag url = http://www.stproperty.sg/property-agent/ang-sze-chai-ang/tab-details/user/323902
[16/Mar/2015 16:25:19] ERROR [agents_crawler:115] line 1589: Element script embeds close tag url = http://www.stproperty.sg/property-agent/antz-goh/tab-details/user/300735
[16/Mar/2015 16:25:34] ERROR [agents_crawler:109] 'NoneType' object has no attribute 'group' url = http://www.stproperty.sg/property-agent/a-raja/tab-details/user/444166
[16/Mar/2015 16:26:00] ERROR [agents_crawler:115] line 1590: Element script embeds close tag url = http://www.stproperty.sg/property-agent/arnagirenathan-s-o-vadivel/tab-details/user/300363
[16/Mar/2015 16:26:35] ERROR [agents_crawler:115] line 1588: Element script embeds close tag url = http://www.stproperty.sg/property-agent/ashlyn-teoh/tab-details/user/300329
[16/Mar/2015 16:26:51] ERROR [agents_crawler:104] list index out of range url = http://www.stproperty.sg/property-agent/a-t/tab-details/user/292440
[16/Mar/2015 16:27:28] ERROR [agents_crawler:104] list index out of range url = http://www.stproperty.sg/property-agent/aw-choon-chiang/tab-details/user/320235
[16/Mar/2015 16:30:04] ERROR [agents_crawler:104] list index out of range url = http://www.stproperty.sg/property-agent/benedict-chew/tab-details/user/291105
[16/Mar/2015 16:31:58] ERROR [agents_crawler:115] line 1588: Element script embeds close tag url = http://www.stproperty.sg/property-agent/ben-lye/tab-details/user/300292
[16/Mar/2015 16:34:01] ERROR [agents_crawler:115] line 1588: Element script embeds close tag url = http://www.stproperty.sg/property-agent/betty-sim/tab-details/user/430503
[16/Mar/2015 16:34:19] ERROR [agents_crawler:109] 'NoneType' object has no attribute 'group' url = http://www.stproperty.sg/property-agent/bill-kumanan/tab-details/user/453767
[16/Mar/2015 16:36:28] ERROR [agents_crawler:115] line 1588: Element script embeds close tag url = http://www.stproperty.sg/property-agent/boon-tay/tab-details/user/300359
[16/Mar/2015 16:37:00] ERROR [agents_crawler:104] list index out of range url = http://www.stproperty.sg/property-agent/brandon-lim/tab-details/user/289548
[16/Mar/2015 16:37:20] ERROR [agents_crawler:109] 'NoneType' object has no attribute 'strip' url = http://www.stproperty.sg/property-agent/brenda-koh/tab-details/user/208270
[16/Mar/2015 16:38:19] ERROR [agents_crawler:104] list index out of range url = http://www.stproperty.sg/property-agent/bryan-seow/tab-details/user/305730
[16/Mar/2015 16:40:38] ERROR [agents_crawler:115] line 1589: Element script embeds close tag url = http://www.stproperty.sg/property-agent/caroline-cheng/tab-details/user/300442
[16/Mar/2015 16:41:49] ERROR [agents_crawler:115] line 1588: Element script embeds close tag url = http://www.stproperty.sg/property-agent/cassandra-liang/tab-details/user/279081
[16/Mar/2015 16:41:53] ERROR [agents_crawler:115] line 1588: Element script embeds close tag url = http://www.stproperty.sg/property-agent/cassandra-thng/tab-details/user/300835
[16/Mar/2015 16:42:03] ERROR [agents_crawler:109] 'NoneType' object has no attribute 'group' url = http://www.stproperty.sg/property-agent/catherine-chua/tab-details/user/453766
[16/Mar/2015 16:42:20] ERROR [agents_crawler:115] line 1586: Element script embeds close tag url = http://www.stproperty.sg/property-agent/catherine-lim/tab-details/user/300563
[16/Mar/2015 16:43:38] ERROR [agents_crawler:104] list index out of range url = http://www.stproperty.sg/property-agent/c-h/tab-details/user/297725
[16/Mar/2015 16:43:50] ERROR [agents_crawler:104] list index out of range url = http://www.stproperty.sg/property-agent/chairine-chew/tab-details/user/323582
[16/Mar/2015 16:46:54] ERROR [agents_crawler:101] HTTPConnectionPool(host='www.stproperty.sg', port=80): Max retries exceeded with url: /property-agent/chee-wai-wan/tab-details/user/300376 (Caused by <class 'socket.error'>: [Errno 50] Network is down) url = http://www.stproperty.sg/property-agent/chee-wai-wan/tab-details/user/300376
[16/Mar/2015 16:46:55] ERROR [agents_crawler:101] HTTPConnectionPool(host='www.stproperty.sg', port=80): Max retries exceeded with url: /property-agent/chee-wee-kan/tab-details/user/306856 (Caused by <class 'socket.error'>: [Errno 50] Network is down) url = http://www.stproperty.sg/property-agent/chee-wee-kan/tab-details/user/306856
[16/Mar/2015 16:46:55] ERROR [agents_crawler:101] HTTPConnectionPool(host='www.stproperty.sg', port=80): Max retries exceeded with url: /property-agent/chee-wee-lim/tab-details/user/296752 (Caused by <class 'socket.error'>: [Errno 50] Network is down) url = http://www.stproperty.sg/property-agent/chee-wee-lim/tab-details/user/296752
[16/Mar/2015 16:52:02] ERROR [agents_crawler:101] HTTPConnectionPool(host='www.stproperty.sg', port=80): Max retries exceeded with url: /property-agent/cheewee-ong/tab-details/user/291466 (Caused by <class 'socket.error'>: [Errno 50] Network is down) url = http://www.stproperty.sg/property-agent/cheewee-ong/tab-details/user/291466
[16/Mar/2015 16:52:03] ERROR [agents_crawler:101] HTTPConnectionPool(host='www.stproperty.sg', port=80): Max retries exceeded with url: /property-agent/chee-wee-tan/tab-details/user/297438 (Caused by <class 'socket.gaierror'>: [Errno 8] nodename nor servname provided, or not known) url = http://www.stproperty.sg/property-agent/chee-wee-tan/tab-details/user/297438
[16/Mar/2015 16:52:03] ERROR [agents_crawler:101] HTTPConnectionPool(host='www.stproperty.sg', port=80): Max retries exceeded with url: /property-agent/chee-wee-tay/tab-details/user/306405 (Caused by <class 'socket.gaierror'>: [Errno 8] nodename nor servname provided, or not known) url = http://www.stproperty.sg/property-agent/chee-wee-tay/tab-details/user/306405
[16/Mar/2015 16:56:31] ERROR [agents_crawler:109] 'NoneType' object has no attribute 'group' url = http://www.stproperty.sg/property-agent/chin-poh-teo/tab-details/user/299655
[16/Mar/2015 16:57:49] ERROR [agents_crawler:115] line 1588: Element script embeds close tag url = http://www.stproperty.sg/property-agent/choo-geek-chiam/tab-details/user/300815
[16/Mar/2015 16:58:43] ERROR [agents_crawler:115] line 1588: Element script embeds close tag url = http://www.stproperty.sg/property-agent/choo-peng-chew/tab-details/user/323634
[16/Mar/2015 16:59:59] ERROR [agents_crawler:109] 'NoneType' object has no attribute 'group' url = http://www.stproperty.sg/property-agent/christina-chin-y-c/tab-details/user/444012
[16/Mar/2015 17:00:04] ERROR [agents_crawler:109] 'NoneType' object has no attribute 'group' url = http://www.stproperty.sg/property-agent/christina-chua/tab-details/user/444214
[16/Mar/2015 17:01:09] ERROR [agents_crawler:115] line 1586: Element script embeds close tag url = http://www.stproperty.sg/property-agent/christine-chea/tab-details/user/323851
[16/Mar/2015 17:02:59] ERROR [agents_crawler:104] list index out of range url = http://www.stproperty.sg/property-agent/christopher-ngo/tab-details/user/286060
[16/Mar/2015 17:03:46] ERROR [agents_crawler:115] line 1588: Element script embeds close tag url = http://www.stproperty.sg/property-agent/chuan-chwee-tay/tab-details/user/292184
[16/Mar/2015 17:04:02] ERROR [agents_crawler:104] list index out of range url = http://www.stproperty.sg/property-agent/chua-poh-guan-roger/tab-details/user/452126
[16/Mar/2015 17:04:05] ERROR [agents_crawler:109] 'NoneType' object has no attribute 'group' url = http://www.stproperty.sg/property-agent/chua-shop-fong/tab-details/user/449243
[16/Mar/2015 17:04:43] ERROR [agents_crawler:115] line 1588: Element script embeds close tag url = http://www.stproperty.sg/property-agent/chung-peng-jane-goh/tab-details/user/96857
[16/Mar/2015 17:05:34] ERROR [agents_crawler:115] line 1588: Element script embeds close tag url = http://www.stproperty.sg/property-agent/chwee-seng-johnny-koh/tab-details/user/300348
[16/Mar/2015 17:08:05] ERROR [agents_crawler:109] 'NoneType' object has no attribute 'group' url = http://www.stproperty.sg/property-agent/clarence-liang/tab-details/user/449704
[16/Mar/2015 17:08:08] ERROR [agents_crawler:109] 'NoneType' object has no attribute 'group' url = http://www.stproperty.sg/property-agent/clarence-loh/tab-details/user/312419
[16/Mar/2015 17:10:45] ERROR [agents_crawler:115] line 1588: Element script embeds close tag url = http://www.stproperty.sg/property-agent/corinna-lim/tab-details/user/300410
[16/Mar/2015 23:02:11] ERROR [agents_crawler:115] None url = http://www.stproperty.sg/property-agent/chwee-seng-johnny-koh/tab-details/user/300348
[16/Mar/2015 23:02:59] ERROR [agents_crawler:109] 'NoneType' object has no attribute 'group' url = http://www.stproperty.sg/property-agent/clarence-liang/tab-details/user/449704
[16/Mar/2015 23:03:01] ERROR [agents_crawler:109] 'NoneType' object has no attribute 'group' url = http://www.stproperty.sg/property-agent/clarence-loh/tab-details/user/312419
[16/Mar/2015 23:04:05] ERROR [agents_crawler:115] line 1588: Element script embeds close tag url = http://www.stproperty.sg/property-agent/corinna-lim/tab-details/user/300410
[16/Mar/2015 23:05:28] ERROR [agents_crawler:115] line 1588: Element script embeds close tag url = http://www.stproperty.sg/property-agent/cynthia-neo/tab-details/user/285649
[16/Mar/2015 23:07:48] ERROR [agents_crawler:115] line 1671: Element script embeds close tag url = http://www.stproperty.sg/property-agent/dalip-kaur/tab-details/user/300774
[16/Mar/2015 23:08:03] ERROR [agents_crawler:115] line 1586: Element script embeds close tag url = http://www.stproperty.sg/property-agent/dana-neo/tab-details/user/300310
[16/Mar/2015 23:09:09] ERROR [agents_crawler:115] line 1588: Element script embeds close tag url = http://www.stproperty.sg/property-agent/daniel-kam/tab-details/user/302141
[16/Mar/2015 23:13:03] ERROR [agents_crawler:104] list index out of range url = http://www.stproperty.sg/property-agent/daniel-tee/tab-details/user/309693
[16/Mar/2015 23:16:06] ERROR [agents_crawler:115] line 1588: Element script embeds close tag url = http://www.stproperty.sg/property-agent/danny-lim/tab-details/user/280788
